<?xml version="1.0" encoding="UTF-8"?>
<!-- Generated by org.testng.reporters.JUnitReportReporter -->
<testsuite hostname="LAPTOP-PF6MPK7A" failures="0" tests="7" name="tests.TestFanfix" time="36.987" errors="0" timestamp="2024-08-14T16:46:16 IST" skipped="0">
  <testcase classname="tests.TestFanfix" name="loginWebsite" time="4.662"/>
  <system-out/>
  <testcase classname="tests.TestFanfix" name="newPostButton" time="9.375"/>
  <system-out/>
  <testcase classname="tests.TestFanfix" name="clickOnFreePost" time="0.125"/>
  <system-out/>
  <testcase classname="tests.TestFanfix" name="writePost" time="8.597"/>
  <system-out/>
  <testcase classname="tests.TestFanfix" name="clickCustomTime" time="0.413"/>
  <system-out/>
  <testcase classname="tests.TestFanfix" name="dateSelect" time="10.465"/>
  <system-out/>
  <testcase classname="tests.TestFanfix" name="selectOkandPostButton" time="3.350"/>
  <system-out/>
</testsuite> <!-- tests.TestFanfix -->
