<?xml version="1.0" encoding="UTF-8"?>
<!-- Generated by org.testng.reporters.JUnitReportReporter -->
<testsuite hostname="LAPTOP-PF6MPK7A" failures="0" tests="7" name="tests.TestFanfix" time="37.309" errors="0" timestamp="2024-08-13T16:07:23 IST" skipped="0">
  <testcase classname="tests.TestFanfix" name="loginWebsite" time="4.792"/>
  <system-out/>
  <testcase classname="tests.TestFanfix" name="newPostButton" time="9.126"/>
  <system-out/>
  <testcase classname="tests.TestFanfix" name="clickOnFreePost" time="0.129"/>
  <system-out/>
  <testcase classname="tests.TestFanfix" name="writePost" time="8.232"/>
  <system-out/>
  <testcase classname="tests.TestFanfix" name="clickCustomTime" time="0.343"/>
  <system-out/>
  <testcase classname="tests.TestFanfix" name="dateSelect" time="11.333"/>
  <system-out/>
  <testcase classname="tests.TestFanfix" name="selectOkandPostButton" time="3.354"/>
  <system-out/>
</testsuite> <!-- tests.TestFanfix -->
